 TIME ;    585.00 ; LOAD ;-0.11333E+05
 TIME ;    585.00 ; LOAD ;-0.11333E+05
 TIME ;    585.00 ; LOAD ;-0.11333E+05
 TIME ;    240.00 ; LOAD ;-0.11333E+05
 TIME ;    240.00 ; LOAD ;-0.11333E+05
  In CALCUL
 in DONNEEE
 out DONNEEE
  In CALCUL
 in DONNEEE
 out DONNEEE
  In CALCUL
 in DONNEEE
 out DONNEEE
  In CALCUL
 in DONNEEE
 out DONNEEE
 TIME ;    240.00 ; LOAD ;-0.11333E+05
  out CALCUL
  In CALCUL
 in DONNEEE
 out DONNEEE
  In CALCUL
 in DONNEEE
 out DONNEEE
  In CALCUL
 in DONNEEE
 out DONNEEE
  In CALCUL
 in DONNEEE
 out DONNEEE
 TIME ;    240.00 ; LOAD ;-0.11333E+05
  out CALCUL
  In CALCUL
 in DONNEEE
 out DONNEEE
  In CALCUL
 in DONNEEE
 out DONNEEE
 TIME ;   1423.50 ; LOAD ;-0.11333E+05
  out CALCUL
  In CALCUL
 in DONNEEE
 out DONNEEE
 TIME ;    240.00 ; LOAD ;-0.11333E+05
  out CALCUL
