

                             *****  
                            *SAFIR* 
                            *2004x *  
                             *   *   
                              * *   
                               *    


   PROGRAM 'SAFIR'    Ver. 2004x ,  13-06-2007
   ===============

   By J. M. Franssen                     
   Univ. of Liege.                       
   tel.   int. + 32 4 366.92.65          
   fax                366.95.34          
   E-mail JM.FRANSSEN@ULG.AC.BE   


   DATE OF THIS RUN : 22-11-2007
   TIME OF THIS RUN :  8:42:10



                             *****  
                            *SAFIR* 
                            *2004x *  
                             *   *   
                              * *   
                               *    


    COPY OF THE DATA FILE.
    ======================

InputFile created with GiD-SAFIR_2007 Interface                                 
Safir_Static_2D_Analysis                                                        
Mesh_from_GID-Mesher                                                            
                                                                                
     NNODE   59                                                                 
      NDIM    2                                                                 
   NDDLMAX    3                                                                 
EVERY_NODE    3                                                                 
      FROM     30   TO      30 STEP    1 NDDL    1                              
      FROM     31   TO      31 STEP    1 NDDL    1                              
      FROM     32   TO      32 STEP    1 NDDL    1                              
      FROM     33   TO      33 STEP    1 NDDL    1                              
      FROM     34   TO      34 STEP    1 NDDL    1                              
      FROM     35   TO      35 STEP    1 NDDL    1                              
      FROM     36   TO      36 STEP    1 NDDL    1                              
      FROM     37   TO      37 STEP    1 NDDL    1                              
      FROM     38   TO      38 STEP    1 NDDL    1                              
      FROM     39   TO      39 STEP    1 NDDL    1                              
      FROM     40   TO      40 STEP    1 NDDL    1                              
      FROM     41   TO      41 STEP    1 NDDL    1                              
      FROM     42   TO      42 STEP    1 NDDL    1                              
      FROM     43   TO      43 STEP    1 NDDL    1                              
      FROM     44   TO      44 STEP    1 NDDL    1                              
      FROM     45   TO      45 STEP    1 NDDL    1                              
      FROM     46   TO      46 STEP    1 NDDL    1                              
      FROM     47   TO      47 STEP    1 NDDL    1                              
      FROM     48   TO      48 STEP    1 NDDL    1                              
      FROM     49   TO      49 STEP    1 NDDL    1                              
      FROM     50   TO      50 STEP    1 NDDL    1                              
      FROM     51   TO      51 STEP    1 NDDL    1                              
      FROM     52   TO      52 STEP    1 NDDL    1                              
      FROM     53   TO      53 STEP    1 NDDL    1                              
      FROM     54   TO      54 STEP    1 NDDL    1                              
      FROM     55   TO      55 STEP    1 NDDL    1                              
      FROM     56   TO      56 STEP    1 NDDL    1                              
      FROM     57   TO      57 STEP    1 NDDL    1                              
      FROM     58   TO      58 STEP    1 NDDL    0                              
      FROM     59   TO      59 STEP    1 NDDL    3                              
  END_NDDL                                                                      
    STATIC   PURE_NR                                                            
     NLOAD    1                                                                 
   OBLIQUE    1                                                                 
  COMEBACK  1.0                                                                 
 RENUMGEO 1                                                                     
      NMAT    1                                                                 
  ELEMENTS                                                                      
      BEAM   28     2                                                           
        NG 3                                                                    
    NFIBER 440                                                                  
  END_ELEM                                                                      
     NODES                                                                      
      NODE     1   12.0000    0.0000                                            
      NODE     2   11.7143    0.5714                                            
      NODE     3   11.4286    1.1429                                            
      NODE     4   11.1429    1.7143                                            
      NODE     5   10.8571    2.2857                                            
      NODE     6   10.5714    2.8571                                            
      NODE     7   10.2857    3.4286                                            
      NODE     8   10.0000    4.0000                                            
      NODE     9    9.3333    4.0000                                            
      NODE    10    8.6667    4.0000                                            
      NODE    11    8.0000    4.0000                                            
      NODE    12    7.3333    4.0000                                            
      NODE    13    6.6667    4.0000                                            
      NODE    14    6.0000    4.0000                                            
      NODE    15    5.3333    4.0000                                            
      NODE    16    4.6667    4.0000                                            
      NODE    17    4.0000    4.0000                                            
      NODE    18    3.3333    4.0000                                            
      NODE    19    2.6667    4.0000                                            
      NODE    20    2.0000    4.0000                                            
      NODE    21    1.3333    4.0000                                            
      NODE    22    0.0000    0.0000                                            
      NODE    23    0.6667    4.0000                                            
      NODE    24    0.0000    0.6667                                            
      NODE    25    0.0000    1.3333                                            
      NODE    26    0.0000    2.0000                                            
      NODE    27    0.0000    2.6667                                            
      NODE    28    0.0000    3.3333                                            
      NODE    29    0.0000    4.0000                                            
      NODE    30    0.0000    0.3333                                            
      NODE    31    0.0000    1.0000                                            
      NODE    32    0.0000    1.6667                                            
      NODE    33    0.0000    2.3333                                            
      NODE    34    0.0000    3.0000                                            
      NODE    35    0.0000    3.6667                                            
      NODE    36    0.3333    4.0000                                            
      NODE    37    1.0000    4.0000                                            
      NODE    38    1.6667    4.0000                                            
      NODE    39    2.3333    4.0000                                            
      NODE    40    3.0000    4.0000                                            
      NODE    41    3.6667    4.0000                                            
      NODE    42    4.3333    4.0000                                            
      NODE    43    5.0000    4.0000                                            
      NODE    44    5.6667    4.0000                                            
      NODE    45    6.3333    4.0000                                            
      NODE    46    7.0000    4.0000                                            
      NODE    47    7.6667    4.0000                                            
      NODE    48    8.3333    4.0000                                            
      NODE    49    9.0000    4.0000                                            
      NODE    50    9.6667    4.0000                                            
      NODE    51   10.1429    3.7143                                            
      NODE    52   10.4286    3.1429                                            
      NODE    53   10.7143    2.5714                                            
      NODE    54   11.0000    2.0000                                            
      NODE    55   11.2857    1.4286                                            
      NODE    56   11.5714    0.8571                                            
      NODE    57   11.8571    0.2857                                            
      NODE    58   13.0000    0.3000                                            
      NODE    59    0.0000    4.0000                                            
 FIXATIONS                                                                      
     BLOCK   22   F0   F0   F0                                                  
  SAME	59 29 YES YES NO                                                         
   END_FIX                                                                      
 NODOFBEAM                                                                      
HEB220B1.tem                                                                    
 TRANSLATE    1    1                                                            
 END_TRANS                                                                      
IPE550B1.tem                                                                    
 TRANSLATE    1    1                                                            
 END_TRANS                                                                      
      ELEM    1   22   30   24    1                                             
      ELEM    2   24   31   25    1                                             
      ELEM    3   25   32   26    1                                             
      ELEM    4   26   33   27    1                                             
      ELEM    5   27   34   28    1                                             
      ELEM    6   28   35   29    1                                             
      ELEM    7   59   36   23    2                                             
      ELEM    8   23   37   21    2                                             
      ELEM    9   21   38   20    2                                             
      ELEM   10   20   39   19    2                                             
      ELEM   11   19   40   18    2                                             
      ELEM   12   18   41   17    2                                             
      ELEM   13   17   42   16    2                                             
      ELEM   14   16   43   15    2                                             
      ELEM   15   15   44   14    2                                             
      ELEM   16   14   45   13    2                                             
      ELEM   17   13   46   12    2                                             
      ELEM   18   12   47   11    2                                             
      ELEM   19   11   48   10    2                                             
      ELEM   20   10   49    9    2                                             
      ELEM   21    9   50    8    2                                             
      ELEM   22    8   51    7    1                                             
      ELEM   23    7   52    6    1                                             
      ELEM   24    6   53    5    1                                             
      ELEM   25    5   54    4    1                                             
      ELEM   26    4   55    3    1                                             
      ELEM   27    3   56    2    1                                             
      ELEM   28    2   57    1    1                                             
    INCLIN    1   58                                                            
END_INCLIN                                                                      
PRECISION 1.0e-3                                                                
     LOADS                                                                      
  FUNCTION        F1                                                            
 DISTRBEAM     7 0.000000 -20000.000000                                         
 DISTRBEAM     8 0.000000 -20000.000000                                         
 DISTRBEAM     9 0.000000 -20000.000000                                         
 DISTRBEAM    10 0.000000 -20000.000000                                         
 DISTRBEAM    11 0.000000 -20000.000000                                         
 DISTRBEAM    12 0.000000 -20000.000000                                         
 DISTRBEAM    13 0.000000 -20000.000000                                         
 DISTRBEAM    14 0.000000 -20000.000000                                         
 DISTRBEAM    15 0.000000 -20000.000000                                         
 DISTRBEAM    16 0.000000 -20000.000000                                         
 DISTRBEAM    17 0.000000 -20000.000000                                         
 DISTRBEAM    18 0.000000 -20000.000000                                         
 DISTRBEAM    19 0.000000 -20000.000000                                         
 DISTRBEAM    20 0.000000 -20000.000000                                         
 DISTRBEAM    21 0.000000 -20000.000000                                         
  END_LOAD                                                                      
 MATERIALS                                                                      
STEELEC3                                                                        
           2.10e+11   3.00e-01   2.45e+08  1200.  0.                            
      TIME                                                                      
      12.0      240.0                                                           
   ENDTIME                                                                      
     EPSTH                                                                      
IMPRESSION                                                                      
 TIMEPRINT                                                                      
      60.0      240.0                                                           
END_TIMEPR                                                                      
PRINTREACT                                                                      
   PRINTMN                                                                      
                                                                                


                             *****  
                            *SAFIR* 
                            *2004x *  
                             *   *   
                              * *   
                               *    


     DESCRIPTION OF THE PROBLEM.
     ===========================

InputFile created with GiD-SAFIR_2007 Interface                                 
Safir_Static_2D_Analysis                                                        
Mesh_from_GID-Mesher                                                            
                                                                                
     DATA USED IN THE DIMENSIONS OF THE ARRAY.
     =========================================

 - THERE ARE   59 NODES.

 - THERE ARE 2 GLOBAL AXES.

 - THE MAXIMUM # OF D.O.F. PER NODE IS  3

 - THE NUMBER OF D.O.F. FOR EACH NODE ARE AS FOLLOWS.

    1 3    2 3    3 3    4 3    5 3    6 3    7 3    8 3    9 3   10 3
   11 3   12 3   13 3   14 3   15 3   16 3   17 3   18 3   19 3   20 3
   21 3   22 3   23 3   24 3   25 3   26 3   27 3   28 3   29 3   30 1
   31 1   32 1   33 1   34 1   35 1   36 1   37 1   38 1   39 1   40 1
   41 1   42 1   43 1   44 1   45 1   46 1   47 1   48 1   49 1   50 1
   51 1   52 1   53 1   54 1   55 1   56 1   57 1   58 0   59 3

 - A STATICAL CALCULATION WILL BE PERFORMED.

 - THERE ARE  1 LOAD VECTORS APPLIED TO THE STRUCTURE

         AND  1 INCLINED SUPPORTS.

     DESCRIPTION OF THE STRUCTURE.
     =============================

 - THERE ARE   59 NODES.

 - THERE ARE  1 DIFFERENT MATERIALS.

 - THERE ARE   28  BEAM ELEMENTS.
   EACH OF THEM HAS 3 POINTS OF LONGITUDINAL INTEGRATION
   AND 440 LONGITUDINAL FIBERS.

 - LENGTH OF THE VECTOR OF REAL*8 :  26800000
   UTILIZED LENGTH                :     21724

 - LENGTH OF THE VECTOR OF INT.*4 :   1200000
   UTILIZED LENGTH                :      1825


 POSITION OF THE NODES.
 ----------------------

           NODE   X COORD.   Y COORD.
     NODE     1   12.0000    0.0000
     NODE     2   11.7143    0.5714
     NODE     3   11.4286    1.1429
     NODE     4   11.1429    1.7143
     NODE     5   10.8571    2.2857
     NODE     6   10.5714    2.8571
     NODE     7   10.2857    3.4286
     NODE     8   10.0000    4.0000
     NODE     9    9.3333    4.0000
     NODE    10    8.6667    4.0000
     NODE    11    8.0000    4.0000
     NODE    12    7.3333    4.0000
     NODE    13    6.6667    4.0000
     NODE    14    6.0000    4.0000
     NODE    15    5.3333    4.0000
     NODE    16    4.6667    4.0000
     NODE    17    4.0000    4.0000
     NODE    18    3.3333    4.0000
     NODE    19    2.6667    4.0000
     NODE    20    2.0000    4.0000
     NODE    21    1.3333    4.0000
     NODE    22    0.0000    0.0000
     NODE    23    0.6667    4.0000
     NODE    24    0.0000    0.6667
     NODE    25    0.0000    1.3333
     NODE    26    0.0000    2.0000
     NODE    27    0.0000    2.6667
     NODE    28    0.0000    3.3333
     NODE    29    0.0000    4.0000
     NODE    30    0.0000    0.3333
     NODE    31    0.0000    1.0000
     NODE    32    0.0000    1.6667
     NODE    33    0.0000    2.3333
     NODE    34    0.0000    3.0000
     NODE    35    0.0000    3.6667
     NODE    36    0.3333    4.0000
     NODE    37    1.0000    4.0000
     NODE    38    1.6667    4.0000
     NODE    39    2.3333    4.0000
     NODE    40    3.0000    4.0000
     NODE    41    3.6667    4.0000
     NODE    42    4.3333    4.0000
     NODE    43    5.0000    4.0000
     NODE    44    5.6667    4.0000
     NODE    45    6.3333    4.0000
     NODE    46    7.0000    4.0000
     NODE    47    7.6667    4.0000
     NODE    48    8.3333    4.0000
     NODE    49    9.0000    4.0000
     NODE    50    9.6667    4.0000
     NODE    51   10.1429    3.7143
     NODE    52   10.4286    3.1429
     NODE    53   10.7143    2.5714
     NODE    54   11.0000    2.0000
     NODE    55   11.2857    1.4286
     NODE    56   11.5714    0.8571
     NODE    57   11.8571    0.2857
     NODE    58   13.0000    0.3000
     NODE    59    0.0000    4.0000

 THERE ARE  113 UNRESOLVED D.O.F.
       AND    3 IMPOSED    D.O.F.

 NODE   DOF  1            DOF  2            DOF  3
    1     1                 2                 3            
    2     4                 5                 6            
    3     7                 8                 9            
    4    10                11                12            
    5    13                14                15            
    6    16                17                18            
    7    19                20                21            
    8    22                23                24            
    9    25                26                27            
   10    28                29                30            
   11    31                32                33            
   12    34                35                36            
   13    37                38                39            
   14    40                41                42            
   15    43                44                45            
   16    46                47                48            
   17    49                50                51            
   18    52                53                54            
   19    55                56                57            
   20    58                59                60            
   21    61                62                63            
   22   114  F0           115  F0           116  F0        
   23    64                65                66            
   24    67                68                69            
   25    70                71                72            
   26    73                74                75            
   27    76                77                78            
   28    79                80                81            
   29    82                83                84            
   30    85            
   31    86            
   32    87            
   33    88            
   34    89            
   35    90            
   36    91            
   37    92            
   38    93            
   39    94            
   40    95            
   41    96            
   42    97            
   43    98            
   44    99            
   45   100            
   46   101            
   47   102            
   48   103            
   49   104            
   50   105            
   51   106            
   52   107            
   53   108            
   54   109            
   55   110            
   56   111            
   57   112            
   58
   59    82                83               113            

 BEAM ELEMENTS.
 --------------



   GROUP OF GEOM. PROP.      FILENAME
   ====================      ========
       1                   HEB220B1.tem                  

  THIS BEAM SECTION TYPE IS DISCRETIZED BY  74 FIBERS


 LOCAL COORDINATES OF THE NODE LINE:
   Yo =     0.00000
   Zo =     0.00000

 LOCAL COORDINATES OF THE TORSION CENTER:
   Yc =       0.000
   Zc =       0.000
  Material :  1
    Cross section :    0.009247
    Average y     :    0.000000
    Average z     :    0.000000

  CROSS-SECTION OF THIS SECTION TYPE :       0.009247
  Iy [ SUM(Ai (yi-yo)²) ]            :     0.00008179
  Iz [ SUM(Ai (zi-zo)²) ]            :     0.00002831

  FIBER   Y COORD.    Z COORD.     SECTION      WARPING   MAT. RESIDUAL STRESSES
     1     -0.0875     -0.0067      0.000082   0.381E-02    1    0.0000E+00
     2      0.0875      0.0067      0.000082   0.381E-02    1    0.0000E+00
     3      0.0875     -0.0065      0.000084   0.253E-02    1    0.0000E+00
     4      0.0976     -0.0044      0.000143   0.271E-02    1    0.0000E+00
     5      0.0834      0.0001      0.000057   0.317E-02    1    0.0000E+00
     6      0.0745     -0.0016      0.000083   0.306E-02    1    0.0000E+00
     7     -0.0875      0.0065      0.000084   0.253E-02    1    0.0000E+00
     8     -0.0976      0.0044      0.000143   0.271E-02    1    0.0000E+00
     9     -0.0834     -0.0001      0.000057   0.317E-02    1    0.0000E+00
    10     -0.0745      0.0016      0.000083   0.306E-02    1    0.0000E+00
    11      0.0976      0.0053      0.000138   0.370E-02    1    0.0000E+00
    12     -0.0976     -0.0053      0.000138   0.370E-02    1    0.0000E+00
    13     -0.0987      0.0243      0.000127   0.775E-03    1    0.0000E+00
    14      0.0987     -0.0243      0.000127   0.775E-03    1    0.0000E+00
    15      0.0987      0.0247      0.000126   0.560E-02    1    0.0000E+00
    16     -0.0987     -0.0247      0.000126   0.560E-02    1    0.0000E+00
    17      0.0691      0.0017      0.000077   0.331E-02    1    0.0000E+00
    18      0.0585     -0.0016      0.000076   0.309E-02    1    0.0000E+00
    19     -0.0691     -0.0017      0.000077   0.331E-02    1    0.0000E+00
    20     -0.0585      0.0016      0.000076   0.309E-02    1    0.0000E+00
    21      0.0993      0.0884      0.000127   0.123E-01    1    0.0000E+00
    22     -0.0993      0.1047      0.000128  -0.762E-02    1    0.0000E+00
    23     -0.0993     -0.0539      0.000127   0.867E-02    1    0.0000E+00
    24     -0.0107      0.0016      0.000077   0.316E-02    1    0.0000E+00
    25     -0.0213     -0.0016      0.000076   0.322E-02    1    0.0000E+00
    26      0.0426     -0.0016      0.000077   0.311E-02    1    0.0000E+00
    27      0.0532      0.0016      0.000076   0.327E-02    1    0.0000E+00
    28     -0.0993      0.0348      0.000128  -0.368E-03    1    0.0000E+00
    29      0.0993     -0.0714      0.000128  -0.415E-02    1    0.0000E+00
    30     -0.0993      0.0714      0.000128  -0.415E-02    1    0.0000E+00
    31     -0.0993     -0.0884      0.000127   0.123E-01    1    0.0000E+00
    32      0.0993     -0.1047      0.000128  -0.762E-02    1    0.0000E+00
    33      0.0213      0.0016      0.000076   0.322E-02    1    0.0000E+00
    34      0.0107     -0.0016      0.000077   0.316E-02    1    0.0000E+00
    35     -0.0426      0.0016      0.000077   0.311E-02    1    0.0000E+00
    36     -0.0532     -0.0016      0.000076   0.327E-02    1    0.0000E+00
    37      0.0993      0.0539      0.000127   0.867E-02    1    0.0000E+00
    38      0.0993     -0.0348      0.000128  -0.368E-03    1    0.0000E+00
    39     -0.0993      0.0884      0.000127  -0.592E-02    1    0.0000E+00
    40      0.0993      0.1047      0.000128   0.139E-01    1    0.0000E+00
    41     -0.0993     -0.0716      0.000128   0.105E-01    1    0.0000E+00
    42      0.0053      0.0016      0.000077   0.319E-02    1    0.0000E+00
    43     -0.0053     -0.0016      0.000077   0.319E-02    1    0.0000E+00
    44      0.0266     -0.0016      0.000076   0.314E-02    1    0.0000E+00
    45      0.0372      0.0016      0.000077   0.324E-02    1    0.0000E+00
    46      0.0993      0.0353      0.000128   0.674E-02    1    0.0000E+00
    47      0.0993     -0.0537      0.000127  -0.231E-02    1    0.0000E+00
    48     -0.0372     -0.0016      0.000077   0.324E-02    1    0.0000E+00
    49     -0.0266      0.0016      0.000076   0.314E-02    1    0.0000E+00
    50     -0.0993      0.0537      0.000127  -0.231E-02    1    0.0000E+00
    51      0.0993     -0.0884      0.000127  -0.592E-02    1    0.0000E+00
    52     -0.0993     -0.1047      0.000128   0.139E-01    1    0.0000E+00
    53      0.0993      0.0716      0.000128   0.105E-01    1    0.0000E+00
    54     -0.0993     -0.0353      0.000128   0.674E-02    1    0.0000E+00
    55     -0.1047     -0.0990      0.000135   0.129E-01    1    0.0000E+00
    56      0.1047      0.0990      0.000135   0.129E-01    1    0.0000E+00
    57      0.1047     -0.0990      0.000136  -0.653E-02    1    0.0000E+00
    58     -0.1047      0.0990      0.000136  -0.653E-02    1    0.0000E+00
    59     -0.1047     -0.0819      0.000149   0.111E-01    1    0.0000E+00
    60      0.1047      0.0819      0.000149   0.111E-01    1    0.0000E+00
    61      0.1047     -0.0817      0.000152  -0.479E-02    1    0.0000E+00
    62     -0.1047      0.0817      0.000152  -0.479E-02    1    0.0000E+00
    63     -0.1047      0.0423      0.000198  -0.913E-03    1    0.0000E+00
    64      0.1047     -0.0423      0.000198  -0.913E-03    1    0.0000E+00
    65      0.1047      0.0430      0.000193   0.731E-02    1    0.0000E+00
    66     -0.1047     -0.0430      0.000193   0.731E-02    1    0.0000E+00
    67     -0.1047     -0.0634      0.000168   0.931E-02    1    0.0000E+00
    68      0.1047      0.0634      0.000168   0.931E-02    1    0.0000E+00
    69      0.1047     -0.0629      0.000170  -0.294E-02    1    0.0000E+00
    70     -0.1047      0.0629      0.000170  -0.294E-02    1    0.0000E+00
    71      0.1040     -0.0138      0.000262   0.187E-02    1    0.0000E+00
    72     -0.1040      0.0138      0.000262   0.187E-02    1    0.0000E+00
    73      0.1040      0.0150      0.000255   0.457E-02    1    0.0000E+00
    74     -0.1040     -0.0150      0.000255   0.457E-02    1    0.0000E+00



   GROUP OF GEOM. PROP.      FILENAME
   ====================      ========
       2                   IPE550B1.tem                  

  THIS BEAM SECTION TYPE IS DISCRETIZED BY  88 FIBERS


 LOCAL COORDINATES OF THE NODE LINE:
   Yo =     0.00000
   Zo =     0.00000

 LOCAL COORDINATES OF THE TORSION CENTER:
   Yc =       0.000
   Zc =       0.000
  Material :  1
    Cross section :    0.015769
    Average y     :    0.000000
    Average z     :    0.000000

  CROSS-SECTION OF THIS SECTION TYPE :       0.015769
  Iy [ SUM(Ai (yi-yo)²) ]            :     0.00080314
  Iz [ SUM(Ai (zi-zo)²) ]            :     0.00003195

  FIBER   Y COORD.    Z COORD.     SECTION      WARPING   MAT. RESIDUAL STRESSES
     1     -0.2562      0.0124      0.000204   0.533E-03    1    0.0000E+00
     2      0.2562      0.0124      0.000204   0.709E-02    1    0.0000E+00
     3      0.2562     -0.0098      0.000252   0.122E-02    1    0.0000E+00
     4     -0.2562     -0.0098      0.000252   0.641E-02    1    0.0000E+00
     5     -0.2645     -0.0992      0.000206   0.304E-01    1    0.0000E+00
     6     -0.2645      0.0992      0.000206  -0.228E-01    1    0.0000E+00
     7     -0.2379      0.0021      0.000178   0.333E-02    1    0.0000E+00
     8     -0.2520      0.0013      0.000198   0.348E-02    1    0.0000E+00
     9      0.2379      0.0021      0.000178   0.429E-02    1    0.0000E+00
    10      0.2520      0.0013      0.000198   0.414E-02    1    0.0000E+00
    11      0.2645      0.0992      0.000206   0.304E-01    1    0.0000E+00
    12      0.2645     -0.0992      0.000206  -0.228E-01    1    0.0000E+00
    13      0.2313     -0.0030      0.000126   0.306E-02    1    0.0000E+00
    14      0.2178     -0.0021      0.000129   0.338E-02    1    0.0000E+00
    15     -0.2313     -0.0030      0.000126   0.457E-02    1    0.0000E+00
    16     -0.2178      0.0021      0.000129   0.338E-02    1    0.0000E+00
    17     -0.2645      0.0779      0.000206  -0.171E-01    1    0.0000E+00
    18     -0.2645      0.0547      0.000207  -0.108E-01    1    0.0000E+00
    19     -0.2643      0.0296      0.000215  -0.406E-02    1    0.0000E+00
    20     -0.1974      0.0021      0.000129   0.343E-02    1    0.0000E+00
    21     -0.2110     -0.0021      0.000129   0.429E-02    1    0.0000E+00
    22     -0.1770      0.0021      0.000129   0.347E-02    1    0.0000E+00
    23     -0.1906     -0.0021      0.000129   0.424E-02    1    0.0000E+00
    24     -0.1566      0.0021      0.000129   0.351E-02    1    0.0000E+00
    25     -0.1702     -0.0021      0.000129   0.420E-02    1    0.0000E+00
    26     -0.1361      0.0021      0.000129   0.356E-02    1    0.0000E+00
    27     -0.1497     -0.0021      0.000129   0.416E-02    1    0.0000E+00
    28     -0.1157      0.0021      0.000129   0.360E-02    1    0.0000E+00
    29     -0.1293     -0.0021      0.000129   0.411E-02    1    0.0000E+00
    30     -0.0953      0.0021      0.000129   0.364E-02    1    0.0000E+00
    31     -0.1089     -0.0021      0.000129   0.407E-02    1    0.0000E+00
    32     -0.0749      0.0021      0.000129   0.368E-02    1    0.0000E+00
    33     -0.0885     -0.0021      0.000129   0.403E-02    1    0.0000E+00
    34     -0.0545      0.0021      0.000129   0.373E-02    1    0.0000E+00
    35     -0.0681     -0.0021      0.000129   0.398E-02    1    0.0000E+00
    36     -0.0340      0.0021      0.000129   0.377E-02    1    0.0000E+00
    37     -0.0476     -0.0021      0.000129   0.394E-02    1    0.0000E+00
    38     -0.0136      0.0021      0.000129   0.381E-02    1    0.0000E+00
    39     -0.0272     -0.0021      0.000129   0.390E-02    1    0.0000E+00
    40      0.0068      0.0021      0.000129   0.386E-02    1    0.0000E+00
    41     -0.0068     -0.0021      0.000129   0.386E-02    1    0.0000E+00
    42      0.0272      0.0021      0.000129   0.390E-02    1    0.0000E+00
    43      0.0136     -0.0021      0.000129   0.381E-02    1    0.0000E+00
    44      0.0476      0.0021      0.000129   0.394E-02    1    0.0000E+00
    45      0.0340     -0.0021      0.000129   0.377E-02    1    0.0000E+00
    46      0.0681      0.0021      0.000129   0.398E-02    1    0.0000E+00
    47      0.0545     -0.0021      0.000129   0.373E-02    1    0.0000E+00
    48      0.0885      0.0021      0.000129   0.403E-02    1    0.0000E+00
    49      0.0749     -0.0021      0.000129   0.368E-02    1    0.0000E+00
    50      0.1089      0.0021      0.000129   0.407E-02    1    0.0000E+00
    51      0.0953     -0.0021      0.000129   0.364E-02    1    0.0000E+00
    52      0.1293      0.0021      0.000129   0.411E-02    1    0.0000E+00
    53      0.1157     -0.0021      0.000129   0.360E-02    1    0.0000E+00
    54      0.1497      0.0021      0.000129   0.416E-02    1    0.0000E+00
    55      0.1361     -0.0021      0.000129   0.356E-02    1    0.0000E+00
    56      0.1702      0.0021      0.000129   0.420E-02    1    0.0000E+00
    57      0.1566     -0.0021      0.000129   0.351E-02    1    0.0000E+00
    58      0.1906      0.0021      0.000129   0.424E-02    1    0.0000E+00
    59      0.1770     -0.0021      0.000129   0.347E-02    1    0.0000E+00
    60      0.2110      0.0021      0.000129   0.429E-02    1    0.0000E+00
    61      0.1974     -0.0021      0.000129   0.343E-02    1    0.0000E+00
    62      0.2643      0.0299      0.000215   0.118E-01    1    0.0000E+00
    63      0.2645      0.0548      0.000207   0.185E-01    1    0.0000E+00
    64      0.2645      0.0779      0.000206   0.247E-01    1    0.0000E+00
    65      0.2645     -0.0779      0.000206  -0.170E-01    1    0.0000E+00
    66      0.2645     -0.0547      0.000207  -0.107E-01    1    0.0000E+00
    67      0.2643     -0.0296      0.000215  -0.400E-02    1    0.0000E+00
    68     -0.2643     -0.0299      0.000215   0.117E-01    1    0.0000E+00
    69     -0.2645     -0.0548      0.000207   0.184E-01    1    0.0000E+00
    70     -0.2645     -0.0779      0.000206   0.246E-01    1    0.0000E+00
    71     -0.2713      0.0915      0.000234  -0.202E-01    1    0.0000E+00
    72      0.2713      0.0915      0.000233   0.278E-01    1    0.0000E+00
    73      0.2713     -0.0915      0.000234  -0.201E-01    1    0.0000E+00
    74     -0.2713     -0.0915      0.000233   0.277E-01    1    0.0000E+00
    75      0.2673      0.0162      0.000197   0.804E-02    1    0.0000E+00
    76      0.2743      0.0016      0.000223   0.423E-02    1    0.0000E+00
    77     -0.2673     -0.0137      0.000277   0.734E-02    1    0.0000E+00
    78     -0.2673      0.0159      0.000193  -0.337E-03    1    0.0000E+00
    79     -0.2743      0.0010      0.000223   0.354E-02    1    0.0000E+00
    80      0.2673     -0.0134      0.000272   0.361E-03    1    0.0000E+00
    81     -0.2713      0.0395      0.000348  -0.644E-02    1    0.0000E+00
    82      0.2713     -0.0395      0.000348  -0.639E-02    1    0.0000E+00
    83      0.2713      0.0399      0.000344   0.142E-01    1    0.0000E+00
    84     -0.2713     -0.0399      0.000344   0.141E-01    1    0.0000E+00
    85      0.2713      0.0676      0.000286   0.215E-01    1    0.0000E+00
    86     -0.2713     -0.0676      0.000286   0.214E-01    1    0.0000E+00
    87     -0.2713      0.0674      0.000290  -0.138E-01    1    0.0000E+00
    88      0.2713     -0.0674      0.000290  -0.137E-01    1    0.0000E+00

 BEAM ELEMENTS.
 --------------
   ELEM.  NODE 1  NODE 3  NODE 2  TYPE    LENGTH
     1      22      30      24      1   0.6667E+00
     2      24      31      25      1   0.6666E+00
     3      25      32      26      1   0.6667E+00
     4      26      33      27      1   0.6667E+00
     5      27      34      28      1   0.6666E+00
     6      28      35      29      1   0.6667E+00
     7      59      36      23      2   0.6667E+00
     8      23      37      21      2   0.6666E+00
     9      21      38      20      2   0.6667E+00
    10      20      39      19      2   0.6667E+00
    11      19      40      18      2   0.6666E+00
    12      18      41      17      2   0.6667E+00
    13      17      42      16      2   0.6667E+00
    14      16      43      15      2   0.6666E+00
    15      15      44      14      2   0.6667E+00
    16      14      45      13      2   0.6667E+00
    17      13      46      12      2   0.6666E+00
    18      12      47      11      2   0.6667E+00
    19      11      48      10      2   0.6667E+00
    20      10      49       9      2   0.6666E+00
    21       9      50       8      2   0.6667E+00
    22       8      51       7      1   0.6388E+00
    23       7      52       6      1   0.6389E+00
    24       6      53       5      1   0.6388E+00
    25       5      54       4      1   0.6389E+00
    26       4      55       3      1   0.6388E+00
    27       3      56       2      1   0.6389E+00
    28       2      57       1      1   0.6388E+00

 WITH THE NODE NUMBERS AS DEFINED IN THE INPUT DATA,
   THE LENGTH OF THE SKYLINE VECTOR       IS      2121
 -------------------------------------------------
  nnodepart =            1
  the length of the skyline is reduced to         691

 AFTER GEOMETRICAL PROGRESSION,
   THE LENGTH OF THE SKYLINE IS       691.
 ----------------------------------------------

 INCLINED SUPPORTS.
 ------------------

 We are sorry, but the hereafter DOF's are after renumbering of the equations.
 Consult filename.REN for more information.

 node DOF1 DOF2    Fact1     Fact2
    1    1    2    0.2873   -0.9578

 - THE PRECISION IN THE CALCULATIONS IS : 0.10E-02

  LOADS.
  ------

 THE LOAD VECTOR  1 IS MULTIPLIED BY THE FUNCTION "F1        "
 DISTRIBUTED LOAD ON ELEMENT  7 :         0.    -20000.
 DISTRIBUTED LOAD ON ELEMENT  8 :         0.    -20000.
 DISTRIBUTED LOAD ON ELEMENT  9 :         0.    -20000.
 DISTRIBUTED LOAD ON ELEMENT 10 :         0.    -20000.
 DISTRIBUTED LOAD ON ELEMENT 11 :         0.    -20000.
 DISTRIBUTED LOAD ON ELEMENT 12 :         0.    -20000.
 DISTRIBUTED LOAD ON ELEMENT 13 :         0.    -20000.
 DISTRIBUTED LOAD ON ELEMENT 14 :         0.    -20000.
 DISTRIBUTED LOAD ON ELEMENT 15 :         0.    -20000.
 DISTRIBUTED LOAD ON ELEMENT 16 :         0.    -20000.
 DISTRIBUTED LOAD ON ELEMENT 17 :         0.    -20000.
 DISTRIBUTED LOAD ON ELEMENT 18 :         0.    -20000.
 DISTRIBUTED LOAD ON ELEMENT 19 :         0.    -20000.
 DISTRIBUTED LOAD ON ELEMENT 20 :         0.    -20000.
 DISTRIBUTED LOAD ON ELEMENT 21 :         0.    -20000.

  MATERIALS.
  ----------


    1 STEELEC3  
      This material is STEEL, either from EC2 or from EC3.
        YOUNG'S MODULUS : 0.21000E+12
        POISON'S RATIO  : 0.30000E+00
        YIELD STRENGTH  : 0.24500E+09
        MAX. TEMPERATURE FOR REVERSIBLE BEHAVIOR:  1200.
        RATE OF DECREASE OF THE YIELD STRENGTH
         FOR TEMPERATURES BEYOND THE LIMIT  : 0.00000E+00 N/m²K



 THE NUMBER OF INTEGRATION POINTS IN THE STRUCTURE IS :
        6846 for uniaxial laws,
           0 for 2D laws.



                             *****  
                            *SAFIR* 
                            *2004x *  
                             *   *   
                              * *   
                               *    



 INITIAL MINIMUM EIGEN VALUE =  0.2965E+05

 TIME=     60.0000 SECONDS   OR   1 MIN.  0 SEC.
 ===========================================


 CONVERGENCE HAS BEEN OBTAINED.
 =============================
    TIME =    60.00000

 ITER = 2, RELATIVE EIGEN VALUE =  0.96168

 TOTAL DISPLACEMENTS.
 --------------------
 NODE    DOF 1     DOF 2     DOF 3     DOF 4     DOF 5     DOF 6     DOF 7
    1    0.00953   0.00286   0.01486
    2    0.00112  -0.00145   0.01465
    3   -0.00705  -0.00564   0.01401
    4   -0.01473  -0.00957   0.01295
    5   -0.02170  -0.01314   0.01147
    6   -0.02770  -0.01621   0.00957
    7   -0.03251  -0.01866   0.00726
    8   -0.03588  -0.02039   0.00454
    9   -0.03587  -0.02328   0.00410
   10   -0.03587  -0.02582   0.00347
   11   -0.03587  -0.02787   0.00265
   12   -0.03587  -0.02933   0.00170
   13   -0.03587  -0.03012   0.00065
   14   -0.03587  -0.03018  -0.00047
   15   -0.03587  -0.02948  -0.00162
   16   -0.03587  -0.02802  -0.00277
   17   -0.03587  -0.02580  -0.00388
   18   -0.03586  -0.02287  -0.00491
   19   -0.03585  -0.01928  -0.00584
   20   -0.03584  -0.01511  -0.00663
   21   -0.03582  -0.01048  -0.00723
   22    0.00000   0.00000   0.00000
   23   -0.03581  -0.00552  -0.00762
   24   -0.00140  -0.00003   0.00408
   25   -0.00528  -0.00008   0.00744
   26   -0.01116  -0.00013   0.01006
   27   -0.01853  -0.00020   0.01194
   28   -0.02691  -0.00029   0.01307
   29   -0.03579  -0.00038   0.01344
   30    0.00000
   31    0.00000
   32    0.00000
   33    0.00000
   34    0.00000
   35    0.00000
   36    0.00000
   37    0.00000
   38    0.00000
   39    0.00000
   40    0.00000
   41    0.00000
   42    0.00000
   43    0.00000
   44    0.00000
   45    0.00000
   46    0.00000
   47    0.00000
   48    0.00000
   49    0.00000
   50    0.00000
   51    0.00000
   52    0.00000
   53    0.00000
   54    0.00000
   55    0.00000
   56    0.00000
   57    0.00000
   58
   59   -0.03579  -0.00038  -0.00776


 INTERNAL SOLLICITATIONS IN THE BEAM ELEMENTS.
 ---------------------------------------------

 ELEM. PT.    N           M           V
    1   1 -0.1077E+06 -0.1124E+06  0.2789E+05
    1   2 -0.1077E+06 -0.1052E+06  0.2789E+05
    1   3 -0.1077E+06 -0.9802E+05  0.2789E+05
    2   1 -0.1076E+06 -0.9379E+05  0.2829E+05
    2   2 -0.1076E+06 -0.8649E+05  0.2829E+05
    2   3 -0.1076E+06 -0.7919E+05  0.2829E+05
    3   1 -0.1076E+06 -0.7491E+05  0.2861E+05
    3   2 -0.1076E+06 -0.6752E+05  0.2861E+05
    3   3 -0.1076E+06 -0.6013E+05  0.2861E+05
    4   1 -0.1075E+06 -0.5581E+05  0.2885E+05
    4   2 -0.1075E+06 -0.4836E+05  0.2885E+05
    4   3 -0.1075E+06 -0.4091E+05  0.2885E+05
    5   1 -0.1074E+06 -0.3656E+05  0.2901E+05
    5   2 -0.1074E+06 -0.2907E+05  0.2901E+05
    5   3 -0.1074E+06 -0.2158E+05  0.2901E+05
    6   1 -0.1074E+06 -0.1721E+05  0.2909E+05
    6   2 -0.1074E+06 -0.9700E+04  0.2909E+05
    6   3 -0.1074E+06 -0.2188E+04  0.2909E+05
    7   1 -0.2688E+05 -0.8356E+04 -0.1013E+06
    7   2 -0.2688E+05 -0.3453E+05 -0.1013E+06
    7   3 -0.2688E+05 -0.6069E+05 -0.1013E+06
    8   1 -0.2700E+05 -0.7492E+05 -0.8801E+05
    8   2 -0.2700E+05 -0.9764E+05 -0.8801E+05
    8   3 -0.2700E+05 -0.1204E+06 -0.8801E+05
    9   1 -0.2714E+05 -0.1326E+06 -0.7466E+05
    9   2 -0.2714E+05 -0.1519E+06 -0.7466E+05
    9   3 -0.2714E+05 -0.1711E+06 -0.7466E+05
   10   1 -0.2728E+05 -0.1814E+06 -0.6131E+05
   10   2 -0.2728E+05 -0.1972E+06 -0.6131E+05
   10   3 -0.2728E+05 -0.2130E+06 -0.6131E+05
   11   1 -0.2740E+05 -0.2212E+06 -0.4795E+05
   11   2 -0.2740E+05 -0.2336E+06 -0.4795E+05
   11   3 -0.2740E+05 -0.2460E+06 -0.4795E+05
   12   1 -0.2751E+05 -0.2522E+06 -0.3459E+05
   12   2 -0.2751E+05 -0.2611E+06 -0.3459E+05
   12   3 -0.2751E+05 -0.2701E+06 -0.3459E+05
   13   1 -0.2759E+05 -0.2743E+06 -0.2123E+05
   13   2 -0.2759E+05 -0.2797E+06 -0.2123E+05
   13   3 -0.2759E+05 -0.2852E+06 -0.2123E+05
   14   1 -0.2764E+05 -0.2874E+06 -0.7865E+04
   14   2 -0.2764E+05 -0.2894E+06 -0.7865E+04
   14   3 -0.2764E+05 -0.2915E+06 -0.7865E+04
   15   1 -0.2766E+05 -0.2916E+06  0.5500E+04
   15   2 -0.2766E+05 -0.2902E+06  0.5500E+04
   15   3 -0.2766E+05 -0.2888E+06  0.5500E+04
   16   1 -0.2766E+05 -0.2870E+06  0.1887E+05
   16   2 -0.2766E+05 -0.2821E+06  0.1887E+05
   16   3 -0.2766E+05 -0.2772E+06  0.1887E+05
   17   1 -0.2762E+05 -0.2734E+06  0.3223E+05
   17   2 -0.2762E+05 -0.2651E+06  0.3223E+05
   17   3 -0.2762E+05 -0.2567E+06  0.3223E+05
   18   1 -0.2756E+05 -0.2509E+06  0.4559E+05
   18   2 -0.2756E+05 -0.2391E+06  0.4559E+05
   18   3 -0.2756E+05 -0.2274E+06  0.4559E+05
   19   1 -0.2748E+05 -0.2195E+06  0.5895E+05
   19   2 -0.2748E+05 -0.2043E+06  0.5895E+05
   19   3 -0.2748E+05 -0.1891E+06  0.5895E+05
   20   1 -0.2738E+05 -0.1792E+06  0.7230E+05
   20   2 -0.2738E+05 -0.1605E+06  0.7230E+05
   20   3 -0.2738E+05 -0.1419E+06  0.7230E+05
   21   1 -0.2729E+05 -0.1300E+06  0.8565E+05
   21   2 -0.2729E+05 -0.1079E+06  0.8565E+05
   21   3 -0.2729E+05 -0.8577E+05  0.8565E+05
   22   1 -0.9473E+05 -0.7738E+05  0.1706E+05
   22   2 -0.9473E+05 -0.7316E+05  0.1706E+05
   22   3 -0.9473E+05 -0.6894E+05  0.1706E+05
   23   1 -0.9469E+05 -0.6646E+05  0.1729E+05
   23   2 -0.9469E+05 -0.6218E+05  0.1729E+05
   23   3 -0.9469E+05 -0.5791E+05  0.1729E+05
   24   1 -0.9465E+05 -0.5540E+05  0.1749E+05
   24   2 -0.9465E+05 -0.5107E+05  0.1749E+05
   24   3 -0.9465E+05 -0.4674E+05  0.1749E+05
   25   1 -0.9462E+05 -0.4421E+05  0.1767E+05
   25   2 -0.9462E+05 -0.3984E+05  0.1767E+05
   25   3 -0.9462E+05 -0.3547E+05  0.1767E+05
   26   1 -0.9460E+05 -0.3291E+05  0.1777E+05
   26   2 -0.9460E+05 -0.2852E+05  0.1777E+05
   26   3 -0.9460E+05 -0.2412E+05  0.1777E+05
   27   1 -0.9459E+05 -0.2155E+05  0.1785E+05
   27   2 -0.9459E+05 -0.1714E+05  0.1785E+05
   27   3 -0.9459E+05 -0.1272E+05  0.1785E+05
   28   1 -0.9458E+05 -0.1014E+05  0.1789E+05
   28   2 -0.9458E+05 -0.5717E+04  0.1789E+05
   28   3 -0.9458E+05 -0.1289E+04  0.1789E+05

 TOTAL REACTIONS.
 ----------------
 NODE     DOF 1      DOF 2      DOF 3      DOF 4      DOF 5      DOF 6      DOF 7
   22  0.2766E+05 0.1078E+06-0.1145E+06
        ---------  ---------  ---------  ---------  ---------  ---------  ---------
 TOTAL    DOF 1      DOF 2      DOF 3      DOF 4      DOF 5      DOF 6      DOF 7
       0.2766E+05 0.1078E+06-0.1145E+06

 TIME=    120.0000 SECONDS   OR   2 MIN.  0 SEC.
 ===========================================


 CONVERGENCE HAS BEEN OBTAINED.
 =============================
    TIME =   120.00000

 ITER = 2, RELATIVE EIGEN VALUE =  0.96170

 TOTAL DISPLACEMENTS.
 --------------------
 NODE    DOF 1     DOF 2     DOF 3     DOF 4     DOF 5     DOF 6     DOF 7
    1    0.01075   0.00323   0.01503
    2    0.00223  -0.00111   0.01482
    3   -0.00605  -0.00531   0.01418
    4   -0.01384  -0.00927   0.01312
    5   -0.02091  -0.01286   0.01163
    6   -0.02702  -0.01594   0.00973
    7   -0.03193  -0.01842   0.00742
    8   -0.03541  -0.02016   0.00469
    9   -0.03544  -0.02316   0.00424
   10   -0.03546  -0.02577   0.00358
   11   -0.03549  -0.02789   0.00275
   12   -0.03552  -0.02941   0.00178
   13   -0.03556  -0.03024   0.00071
   14   -0.03559  -0.03034  -0.00043
   15   -0.03562  -0.02966  -0.00161
   16   -0.03565  -0.02820  -0.00277
   17   -0.03568  -0.02597  -0.00391
   18   -0.03571  -0.02301  -0.00496
   19   -0.03573  -0.01938  -0.00591
   20   -0.03575  -0.01516  -0.00672
   21   -0.03576  -0.01046  -0.00734
   22    0.00000   0.00000   0.00000
   23   -0.03578  -0.00542  -0.00775
   24   -0.00140   0.00000   0.00408
   25   -0.00528  -0.00001   0.00744
   26   -0.01116  -0.00003   0.01006
   27   -0.01853  -0.00007   0.01194
   28   -0.02691  -0.00012   0.01307
   29   -0.03579  -0.00018   0.01344
   30    0.00000
   31    0.00000
   32    0.00000
   33    0.00000
   34    0.00000
   35    0.00000
   36    0.00000
   37    0.00000
   38    0.00000
   39    0.00000
   40    0.00000
   41    0.00000
   42    0.00000
   43    0.00000
   44    0.00000
   45    0.00000
   46    0.00000
   47    0.00000
   48    0.00000
   49    0.00000
   50    0.00000
   51    0.00000
   52    0.00000
   53    0.00000
   54    0.00000
   55    0.00000
   56    0.00000
   57    0.00000
   58
   59   -0.03579  -0.00018  -0.00791


 INTERNAL SOLLICITATIONS IN THE BEAM ELEMENTS.
 ---------------------------------------------

 ELEM. PT.    N           M           V
    1   1 -0.1078E+06 -0.1124E+06  0.2788E+05
    1   2 -0.1078E+06 -0.1052E+06  0.2788E+05
    1   3 -0.1078E+06 -0.9801E+05  0.2788E+05
    2   1 -0.1076E+06 -0.9379E+05  0.2829E+05
    2   2 -0.1076E+06 -0.8648E+05  0.2829E+05
    2   3 -0.1076E+06 -0.7918E+05  0.2829E+05
    3   1 -0.1076E+06 -0.7490E+05  0.2861E+05
    3   2 -0.1076E+06 -0.6752E+05  0.2861E+05
    3   3 -0.1076E+06 -0.6013E+05  0.2861E+05
    4   1 -0.1075E+06 -0.5581E+05  0.2885E+05
    4   2 -0.1075E+06 -0.4836E+05  0.2885E+05
    4   3 -0.1075E+06 -0.4091E+05  0.2885E+05
    5   1 -0.1075E+06 -0.3656E+05  0.2901E+05
    5   2 -0.1075E+06 -0.2907E+05  0.2901E+05
    5   3 -0.1075E+06 -0.2158E+05  0.2901E+05
    6   1 -0.1074E+06 -0.1721E+05  0.2909E+05
    6   2 -0.1074E+06 -0.9699E+04  0.2909E+05
    6   3 -0.1074E+06 -0.2188E+04  0.2909E+05
    7   1 -0.2686E+05 -0.8357E+04 -0.1014E+06
    7   2 -0.2686E+05 -0.3453E+05 -0.1014E+06
    7   3 -0.2686E+05 -0.6070E+05 -0.1014E+06
    8   1 -0.2699E+05 -0.7493E+05 -0.8801E+05
    8   2 -0.2699E+05 -0.9765E+05 -0.8801E+05
    8   3 -0.2699E+05 -0.1204E+06 -0.8801E+05
    9   1 -0.2713E+05 -0.1326E+06 -0.7467E+05
    9   2 -0.2713E+05 -0.1519E+06 -0.7467E+05
    9   3 -0.2713E+05 -0.1712E+06 -0.7467E+05
   10   1 -0.2727E+05 -0.1814E+06 -0.6131E+05
   10   2 -0.2727E+05 -0.1972E+06 -0.6131E+05
   10   3 -0.2727E+05 -0.2130E+06 -0.6131E+05
   11   1 -0.2740E+05 -0.2213E+06 -0.4796E+05
   11   2 -0.2740E+05 -0.2336E+06 -0.4796E+05
   11   3 -0.2740E+05 -0.2460E+06 -0.4796E+05
   12   1 -0.2750E+05 -0.2522E+06 -0.3460E+05
   12   2 -0.2750E+05 -0.2612E+06 -0.3460E+05
   12   3 -0.2750E+05 -0.2701E+06 -0.3460E+05
   13   1 -0.2759E+05 -0.2743E+06 -0.2123E+05
   13   2 -0.2759E+05 -0.2798E+06 -0.2123E+05
   13   3 -0.2759E+05 -0.2853E+06 -0.2123E+05
   14   1 -0.2764E+05 -0.2874E+06 -0.7871E+04
   14   2 -0.2764E+05 -0.2895E+06 -0.7871E+04
   14   3 -0.2764E+05 -0.2915E+06 -0.7871E+04
   15   1 -0.2766E+05 -0.2917E+06  0.5494E+04
   15   2 -0.2766E+05 -0.2903E+06  0.5494E+04
   15   3 -0.2766E+05 -0.2888E+06  0.5494E+04
   16   1 -0.2765E+05 -0.2870E+06  0.1886E+05
   16   2 -0.2765E+05 -0.2821E+06  0.1886E+05
   16   3 -0.2765E+05 -0.2773E+06  0.1886E+05
   17   1 -0.2762E+05 -0.2734E+06  0.3222E+05
   17   2 -0.2762E+05 -0.2651E+06  0.3222E+05
   17   3 -0.2762E+05 -0.2568E+06  0.3222E+05
   18   1 -0.2755E+05 -0.2510E+06  0.4558E+05
   18   2 -0.2755E+05 -0.2392E+06  0.4558E+05
   18   3 -0.2755E+05 -0.2274E+06  0.4558E+05
   19   1 -0.2747E+05 -0.2196E+06  0.5894E+05
   19   2 -0.2747E+05 -0.2043E+06  0.5894E+05
   19   3 -0.2747E+05 -0.1891E+06  0.5894E+05
   20   1 -0.2737E+05 -0.1793E+06  0.7229E+05
   20   2 -0.2737E+05 -0.1606E+06  0.7229E+05
   20   3 -0.2737E+05 -0.1419E+06  0.7229E+05
   21   1 -0.2727E+05 -0.1301E+06  0.8564E+05
   21   2 -0.2727E+05 -0.1079E+06  0.8564E+05
   21   3 -0.2727E+05 -0.8583E+05  0.8564E+05
   22   1 -0.9472E+05 -0.7744E+05  0.1707E+05
   22   2 -0.9472E+05 -0.7321E+05  0.1707E+05
   22   3 -0.9472E+05 -0.6899E+05  0.1707E+05
   23   1 -0.9468E+05 -0.6652E+05  0.1730E+05
   23   2 -0.9468E+05 -0.6223E+05  0.1730E+05
   23   3 -0.9468E+05 -0.5795E+05  0.1730E+05
   24   1 -0.9464E+05 -0.5544E+05  0.1751E+05
   24   2 -0.9464E+05 -0.5111E+05  0.1751E+05
   24   3 -0.9464E+05 -0.4678E+05  0.1751E+05
   25   1 -0.9461E+05 -0.4425E+05  0.1768E+05
   25   2 -0.9461E+05 -0.3987E+05  0.1768E+05
   25   3 -0.9461E+05 -0.3550E+05  0.1768E+05
   26   1 -0.9459E+05 -0.3294E+05  0.1779E+05
   26   2 -0.9459E+05 -0.2854E+05  0.1779E+05
   26   3 -0.9459E+05 -0.2414E+05  0.1779E+05
   27   1 -0.9458E+05 -0.2157E+05  0.1786E+05
   27   2 -0.9458E+05 -0.1715E+05  0.1786E+05
   27   3 -0.9458E+05 -0.1273E+05  0.1786E+05
   28   1 -0.9457E+05 -0.1015E+05  0.1791E+05
   28   2 -0.9457E+05 -0.5721E+04  0.1791E+05
   28   3 -0.9457E+05 -0.1290E+04  0.1791E+05

 TOTAL REACTIONS.
 ----------------
 NODE     DOF 1      DOF 2      DOF 3      DOF 4      DOF 5      DOF 6      DOF 7
   22  0.2766E+05 0.1078E+06-0.1145E+06
        ---------  ---------  ---------  ---------  ---------  ---------  ---------
 TOTAL    DOF 1      DOF 2      DOF 3      DOF 4      DOF 5      DOF 6      DOF 7
       0.2766E+05 0.1078E+06-0.1145E+06

 TIME=    180.0000 SECONDS   OR   3 MIN.  0 SEC.
 ===========================================


 CONVERGENCE HAS BEEN OBTAINED.
 =============================
    TIME =   180.00000

 ITER = 2, RELATIVE EIGEN VALUE =  0.96173

 TOTAL DISPLACEMENTS.
 --------------------
 NODE    DOF 1     DOF 2     DOF 3     DOF 4     DOF 5     DOF 6     DOF 7
    1    0.01295   0.00388   0.01533
    2    0.00423  -0.00048   0.01511
    3   -0.00424  -0.00473   0.01447
    4   -0.01223  -0.00872   0.01341
    5   -0.01949  -0.01234   0.01193
    6   -0.02579  -0.01546   0.01002
    7   -0.03090  -0.01796   0.00770
    8   -0.03456  -0.01974   0.00498
    9   -0.03464  -0.02291   0.00449
   10   -0.03473  -0.02568   0.00379
   11   -0.03481  -0.02792   0.00292
   12   -0.03490  -0.02954   0.00191
   13   -0.03499  -0.03045   0.00080
   14   -0.03508  -0.03060  -0.00037
   15   -0.03517  -0.02995  -0.00158
   16   -0.03525  -0.02849  -0.00279
   17   -0.03534  -0.02624  -0.00395
   18   -0.03542  -0.02323  -0.00505
   19   -0.03550  -0.01953  -0.00603
   20   -0.03558  -0.01522  -0.00687
   21   -0.03565  -0.01041  -0.00754
   22    0.00000   0.00000   0.00000
   23   -0.03572  -0.00522  -0.00798
   24   -0.00140   0.00006   0.00408
   25   -0.00528   0.00011   0.00744
   26   -0.01116   0.00015   0.01006
   27   -0.01853   0.00017   0.01194
   28   -0.02691   0.00018   0.01307
   29   -0.03579   0.00019   0.01344
   30    0.00000
   31    0.00000
   32    0.00000
   33    0.00000
   34    0.00000
   35    0.00000
   36    0.00000
   37    0.00000
   38    0.00000
   39    0.00000
   40    0.00000
   41    0.00000
   42    0.00000
   43    0.00000
   44    0.00000
   45    0.00000
   46    0.00000
   47    0.00000
   48    0.00000
   49    0.00000
   50    0.00000
   51    0.00000
   52    0.00000
   53    0.00000
   54    0.00000
   55    0.00000
   56    0.00000
   57    0.00000
   58
   59   -0.03579   0.00019  -0.00818


 INTERNAL SOLLICITATIONS IN THE BEAM ELEMENTS.
 ---------------------------------------------

 ELEM. PT.    N           M           V
    1   1 -0.1078E+06 -0.1124E+06  0.2788E+05
    1   2 -0.1078E+06 -0.1052E+06  0.2788E+05
    1   3 -0.1078E+06 -0.9800E+05  0.2788E+05
    2   1 -0.1077E+06 -0.9377E+05  0.2828E+05
    2   2 -0.1077E+06 -0.8647E+05  0.2828E+05
    2   3 -0.1077E+06 -0.7917E+05  0.2828E+05
    3   1 -0.1076E+06 -0.7489E+05  0.2860E+05
    3   2 -0.1076E+06 -0.6751E+05  0.2860E+05
    3   3 -0.1076E+06 -0.6012E+05  0.2860E+05
    4   1 -0.1075E+06 -0.5580E+05  0.2884E+05
    4   2 -0.1075E+06 -0.4835E+05  0.2884E+05
    4   3 -0.1075E+06 -0.4091E+05  0.2884E+05
    5   1 -0.1075E+06 -0.3656E+05  0.2900E+05
    5   2 -0.1075E+06 -0.2907E+05  0.2900E+05
    5   3 -0.1075E+06 -0.2158E+05  0.2900E+05
    6   1 -0.1074E+06 -0.1721E+05  0.2909E+05
    6   2 -0.1074E+06 -0.9698E+04  0.2909E+05
    6   3 -0.1074E+06 -0.2187E+04  0.2909E+05
    7   1 -0.2683E+05 -0.8358E+04 -0.1014E+06
    7   2 -0.2683E+05 -0.3453E+05 -0.1014E+06
    7   3 -0.2683E+05 -0.6071E+05 -0.1014E+06
    8   1 -0.2697E+05 -0.7494E+05 -0.8802E+05
    8   2 -0.2697E+05 -0.9767E+05 -0.8802E+05
    8   3 -0.2697E+05 -0.1204E+06 -0.8802E+05
    9   1 -0.2711E+05 -0.1326E+06 -0.7468E+05
    9   2 -0.2711E+05 -0.1519E+06 -0.7468E+05
    9   3 -0.2711E+05 -0.1712E+06 -0.7468E+05
   10   1 -0.2726E+05 -0.1814E+06 -0.6132E+05
   10   2 -0.2726E+05 -0.1973E+06 -0.6132E+05
   10   3 -0.2726E+05 -0.2131E+06 -0.6132E+05
   11   1 -0.2739E+05 -0.2213E+06 -0.4797E+05
   11   2 -0.2739E+05 -0.2337E+06 -0.4797E+05
   11   3 -0.2739E+05 -0.2461E+06 -0.4797E+05
   12   1 -0.2750E+05 -0.2523E+06 -0.3461E+05
   12   2 -0.2750E+05 -0.2612E+06 -0.3461E+05
   12   3 -0.2750E+05 -0.2702E+06 -0.3461E+05
   13   1 -0.2758E+05 -0.2744E+06 -0.2125E+05
   13   2 -0.2758E+05 -0.2798E+06 -0.2125E+05
   13   3 -0.2758E+05 -0.2853E+06 -0.2125E+05
   14   1 -0.2764E+05 -0.2875E+06 -0.7882E+04
   14   2 -0.2764E+05 -0.2895E+06 -0.7882E+04
   14   3 -0.2764E+05 -0.2916E+06 -0.7882E+04
   15   1 -0.2766E+05 -0.2918E+06  0.5483E+04
   15   2 -0.2766E+05 -0.2903E+06  0.5483E+04
   15   3 -0.2766E+05 -0.2889E+06  0.5483E+04
   16   1 -0.2765E+05 -0.2871E+06  0.1885E+05
   16   2 -0.2765E+05 -0.2822E+06  0.1885E+05
   16   3 -0.2765E+05 -0.2774E+06  0.1885E+05
   17   1 -0.2761E+05 -0.2735E+06  0.3221E+05
   17   2 -0.2761E+05 -0.2652E+06  0.3221E+05
   17   3 -0.2761E+05 -0.2569E+06  0.3221E+05
   18   1 -0.2754E+05 -0.2511E+06  0.4557E+05
   18   2 -0.2754E+05 -0.2393E+06  0.4557E+05
   18   3 -0.2754E+05 -0.2275E+06  0.4557E+05
   19   1 -0.2745E+05 -0.2197E+06  0.5893E+05
   19   2 -0.2745E+05 -0.2044E+06  0.5893E+05
   19   3 -0.2745E+05 -0.1892E+06  0.5893E+05
   20   1 -0.2735E+05 -0.1794E+06  0.7228E+05
   20   2 -0.2735E+05 -0.1607E+06  0.7228E+05
   20   3 -0.2735E+05 -0.1420E+06  0.7228E+05
   21   1 -0.2725E+05 -0.1302E+06  0.8563E+05
   21   2 -0.2725E+05 -0.1081E+06  0.8563E+05
   21   3 -0.2725E+05 -0.8594E+05  0.8563E+05
   22   1 -0.9471E+05 -0.7755E+05  0.1709E+05
   22   2 -0.9471E+05 -0.7332E+05  0.1709E+05
   22   3 -0.9471E+05 -0.6909E+05  0.1709E+05
   23   1 -0.9466E+05 -0.6661E+05  0.1732E+05
   23   2 -0.9466E+05 -0.6232E+05  0.1732E+05
   23   3 -0.9466E+05 -0.5804E+05  0.1732E+05
   24   1 -0.9463E+05 -0.5552E+05  0.1753E+05
   24   2 -0.9463E+05 -0.5119E+05  0.1753E+05
   24   3 -0.9463E+05 -0.4685E+05  0.1753E+05
   25   1 -0.9459E+05 -0.4431E+05  0.1770E+05
   25   2 -0.9459E+05 -0.3993E+05  0.1770E+05
   25   3 -0.9459E+05 -0.3555E+05  0.1770E+05
   26   1 -0.9457E+05 -0.3299E+05  0.1781E+05
   26   2 -0.9457E+05 -0.2858E+05  0.1781E+05
   26   3 -0.9457E+05 -0.2417E+05  0.1781E+05
   27   1 -0.9456E+05 -0.2160E+05  0.1789E+05
   27   2 -0.9456E+05 -0.1717E+05  0.1789E+05
   27   3 -0.9456E+05 -0.1275E+05  0.1789E+05
   28   1 -0.9455E+05 -0.1017E+05  0.1793E+05
   28   2 -0.9455E+05 -0.5729E+04  0.1793E+05
   28   3 -0.9455E+05 -0.1292E+04  0.1793E+05

 TOTAL REACTIONS.
 ----------------
 NODE     DOF 1      DOF 2      DOF 3      DOF 4      DOF 5      DOF 6      DOF 7
   22  0.2765E+05 0.1078E+06-0.1145E+06
        ---------  ---------  ---------  ---------  ---------  ---------  ---------
 TOTAL    DOF 1      DOF 2      DOF 3      DOF 4      DOF 5      DOF 6      DOF 7
       0.2765E+05 0.1078E+06-0.1145E+06

 TIME=    240.0000 SECONDS   OR   4 MIN.  0 SEC.
 ===========================================


 CONVERGENCE HAS BEEN OBTAINED.
 =============================
    TIME =   240.00000

 ITER = 2, RELATIVE EIGEN VALUE =  0.96178

 TOTAL DISPLACEMENTS.
 --------------------
 NODE    DOF 1     DOF 2     DOF 3     DOF 4     DOF 5     DOF 6     DOF 7
    1    0.01617   0.00485   0.01576
    2    0.00717   0.00043   0.01554
    3   -0.00159  -0.00386   0.01490
    4   -0.00986  -0.00790   0.01384
    5   -0.01740  -0.01157   0.01235
    6   -0.02399  -0.01474   0.01044
    7   -0.02936  -0.01730   0.00812
    8   -0.03330  -0.01912   0.00539
    9   -0.03347  -0.02254   0.00484
   10   -0.03364  -0.02553   0.00409
   11   -0.03381  -0.02796   0.00317
   12   -0.03398  -0.02973   0.00211
   13   -0.03415  -0.03075   0.00095
   14   -0.03432  -0.03098  -0.00028
   15   -0.03450  -0.03037  -0.00155
   16   -0.03467  -0.02892  -0.00281
   17   -0.03484  -0.02664  -0.00403
   18   -0.03501  -0.02356  -0.00517
   19   -0.03517  -0.01976  -0.00621
   20   -0.03533  -0.01531  -0.00711
   21   -0.03548  -0.01032  -0.00782
   22    0.00000   0.00000   0.00000
   23   -0.03564  -0.00493  -0.00832
   24   -0.00140   0.00015   0.00408
   25   -0.00528   0.00029   0.00744
   26   -0.01116   0.00042   0.01006
   27   -0.01853   0.00053   0.01194
   28   -0.02691   0.00063   0.01306
   29   -0.03579   0.00072   0.01344
   30    0.00000
   31    0.00000
   32    0.00000
   33    0.00000
   34    0.00000
   35    0.00000
   36    0.00000
   37    0.00000
   38    0.00000
   39    0.00000
   40    0.00000
   41    0.00000
   42    0.00000
   43    0.00000
   44    0.00000
   45    0.00000
   46    0.00000
   47    0.00000
   48    0.00000
   49    0.00000
   50    0.00000
   51    0.00000
   52    0.00000
   53    0.00000
   54    0.00000
   55    0.00000
   56    0.00000
   57    0.00000
   58
   59   -0.03579   0.00072  -0.00857


 INTERNAL SOLLICITATIONS IN THE BEAM ELEMENTS.
 ---------------------------------------------

 ELEM. PT.    N           M           V
    1   1 -0.1078E+06 -0.1124E+06  0.2787E+05
    1   2 -0.1078E+06 -0.1052E+06  0.2787E+05
    1   3 -0.1078E+06 -0.9798E+05  0.2787E+05
    2   1 -0.1077E+06 -0.9376E+05  0.2827E+05
    2   2 -0.1077E+06 -0.8646E+05  0.2827E+05
    2   3 -0.1077E+06 -0.7916E+05  0.2827E+05
    3   1 -0.1076E+06 -0.7488E+05  0.2859E+05
    3   2 -0.1076E+06 -0.6750E+05  0.2859E+05
    3   3 -0.1076E+06 -0.6011E+05  0.2859E+05
    4   1 -0.1075E+06 -0.5579E+05  0.2883E+05
    4   2 -0.1075E+06 -0.4835E+05  0.2883E+05
    4   3 -0.1075E+06 -0.4090E+05  0.2883E+05
    5   1 -0.1075E+06 -0.3655E+05  0.2900E+05
    5   2 -0.1075E+06 -0.2906E+05  0.2900E+05
    5   3 -0.1075E+06 -0.2157E+05  0.2900E+05
    6   1 -0.1075E+06 -0.1721E+05  0.2908E+05
    6   2 -0.1075E+06 -0.9697E+04  0.2908E+05
    6   3 -0.1075E+06 -0.2187E+04  0.2908E+05
    7   1 -0.2679E+05 -0.8360E+04 -0.1014E+06
    7   2 -0.2679E+05 -0.3454E+05 -0.1014E+06
    7   3 -0.2679E+05 -0.6073E+05 -0.1014E+06
    8   1 -0.2694E+05 -0.7496E+05 -0.8804E+05
    8   2 -0.2694E+05 -0.9770E+05 -0.8804E+05
    8   3 -0.2694E+05 -0.1204E+06 -0.8804E+05
    9   1 -0.2709E+05 -0.1327E+06 -0.7469E+05
    9   2 -0.2709E+05 -0.1520E+06 -0.7469E+05
    9   3 -0.2709E+05 -0.1712E+06 -0.7469E+05
   10   1 -0.2724E+05 -0.1815E+06 -0.6134E+05
   10   2 -0.2724E+05 -0.1973E+06 -0.6134E+05
   10   3 -0.2724E+05 -0.2132E+06 -0.6134E+05
   11   1 -0.2738E+05 -0.2214E+06 -0.4798E+05
   11   2 -0.2738E+05 -0.2338E+06 -0.4798E+05
   11   3 -0.2738E+05 -0.2462E+06 -0.4798E+05
   12   1 -0.2749E+05 -0.2524E+06 -0.3462E+05
   12   2 -0.2749E+05 -0.2613E+06 -0.3462E+05
   12   3 -0.2749E+05 -0.2702E+06 -0.3462E+05
   13   1 -0.2758E+05 -0.2744E+06 -0.2126E+05
   13   2 -0.2758E+05 -0.2799E+06 -0.2126E+05
   13   3 -0.2758E+05 -0.2854E+06 -0.2126E+05
   14   1 -0.2763E+05 -0.2876E+06 -0.7897E+04
   14   2 -0.2763E+05 -0.2897E+06 -0.7897E+04
   14   3 -0.2763E+05 -0.2917E+06 -0.7897E+04
   15   1 -0.2765E+05 -0.2919E+06  0.5467E+04
   15   2 -0.2765E+05 -0.2905E+06  0.5467E+04
   15   3 -0.2765E+05 -0.2891E+06  0.5467E+04
   16   1 -0.2764E+05 -0.2872E+06  0.1883E+05
   16   2 -0.2764E+05 -0.2824E+06  0.1883E+05
   16   3 -0.2764E+05 -0.2775E+06  0.1883E+05
   17   1 -0.2760E+05 -0.2737E+06  0.3220E+05
   17   2 -0.2760E+05 -0.2654E+06  0.3220E+05
   17   3 -0.2760E+05 -0.2570E+06  0.3220E+05
   18   1 -0.2753E+05 -0.2512E+06  0.4556E+05
   18   2 -0.2753E+05 -0.2394E+06  0.4556E+05
   18   3 -0.2753E+05 -0.2277E+06  0.4556E+05
   19   1 -0.2743E+05 -0.2198E+06  0.5891E+05
   19   2 -0.2743E+05 -0.2046E+06  0.5891E+05
   19   3 -0.2743E+05 -0.1894E+06  0.5891E+05
   20   1 -0.2732E+05 -0.1795E+06  0.7227E+05
   20   2 -0.2732E+05 -0.1609E+06  0.7227E+05
   20   3 -0.2732E+05 -0.1422E+06  0.7227E+05
   21   1 -0.2721E+05 -0.1303E+06  0.8561E+05
   21   2 -0.2721E+05 -0.1082E+06  0.8561E+05
   21   3 -0.2721E+05 -0.8611E+05  0.8561E+05
   22   1 -0.9468E+05 -0.7771E+05  0.1713E+05
   22   2 -0.9468E+05 -0.7347E+05  0.1713E+05
   22   3 -0.9468E+05 -0.6924E+05  0.1713E+05
   23   1 -0.9464E+05 -0.6675E+05  0.1736E+05
   23   2 -0.9464E+05 -0.6245E+05  0.1736E+05
   23   3 -0.9464E+05 -0.5816E+05  0.1736E+05
   24   1 -0.9460E+05 -0.5564E+05  0.1757E+05
   24   2 -0.9460E+05 -0.5129E+05  0.1757E+05
   24   3 -0.9460E+05 -0.4695E+05  0.1757E+05
   25   1 -0.9457E+05 -0.4440E+05  0.1774E+05
   25   2 -0.9457E+05 -0.4001E+05  0.1774E+05
   25   3 -0.9457E+05 -0.3562E+05  0.1774E+05
   26   1 -0.9455E+05 -0.3306E+05  0.1785E+05
   26   2 -0.9455E+05 -0.2864E+05  0.1785E+05
   26   3 -0.9455E+05 -0.2422E+05  0.1785E+05
   27   1 -0.9453E+05 -0.2165E+05  0.1792E+05
   27   2 -0.9453E+05 -0.1721E+05  0.1792E+05
   27   3 -0.9453E+05 -0.1277E+05  0.1792E+05
   28   1 -0.9453E+05 -0.1019E+05  0.1797E+05
   28   2 -0.9453E+05 -0.5741E+04  0.1797E+05
   28   3 -0.9453E+05 -0.1295E+04  0.1797E+05

 TOTAL REACTIONS.
 ----------------
 NODE     DOF 1      DOF 2      DOF 3      DOF 4      DOF 5      DOF 6      DOF 7
   22  0.2765E+05 0.1078E+06-0.1144E+06
        ---------  ---------  ---------  ---------  ---------  ---------  ---------
 TOTAL    DOF 1      DOF 2      DOF 3      DOF 4      DOF 5      DOF 6      DOF 7
       0.2765E+05 0.1078E+06-0.1144E+06

 THE FINAL TIME HAS BEEN REACHED.
 --------------------------------

   DATE OF THIS RUN : 22-11-2007
   ENDTIME OF THIS RUN :  8:42:11
   DURATION OF THE CALCULATION :  0: 0: 1


 THE STIFFNESS MATRIX HAS BEEN TRIANGULARISED    41 TIMES.
