 TIME ;    534.00 ; LOAD ;-0.80000E+05
 TIME ;    534.00 ; LOAD ;-0.80000E+05
 TIME ;   1284.97 ; LOAD ;-0.11000E+06
 TIME ;   1283.25 ; LOAD ;-0.11000E+06
 TIME ;   1283.25 ; LOAD ;-0.11000E+06
 TIME ;   1276.69 ; LOAD ;-0.11000E+06
 TIME ;   1283.25 ; LOAD ;-0.11000E+06
 TIME ;   1276.69 ; LOAD ;-0.11000E+06
 TIME ;   1283.25 ; LOAD ;-0.11000E+06
 TIME ;   1284.00 ; LOAD ;-0.11000E+06
 TIME ;   1282.69 ; LOAD ;-0.11000E+06
 TIME ;   1282.69 ; LOAD ;-0.11000E+06
 TIME ;   1282.69 ; LOAD ;-0.11000E+06
 TIME ;   1282.69 ; LOAD ;-0.11000E+06
 TIME ;   1200.00 ; LOAD ;-0.11000E+06
 TIME ;   1200.00 ; LOAD ;-0.11000E+06
 TIME ;   1200.00 ; LOAD ;-0.11000E+06
 TIME ;   1200.00 ; LOAD ;-0.11000E+06
 TIME ;   1200.00 ; LOAD ;-0.11000E+06
 TIME ;    240.00 ; LOAD ;-0.11000E+06
  In CALCUL
 in DONNEEE
 out DONNEEE
 TIME ;    240.00 ; LOAD ;-0.11000E+06
  out CALCUL
