Arg1 = frameHinge Arg2 = C:\work\fem\SAFIR2~2\TESTPR~1\FRAMEH~1.GID Arg3 = C:\PROGRA~1\GiD\GID80~1.2\PROBLE~1\SAFIR2~3\SAFIR_~1.GID 
*******************************************
Time in days since start of testperiod:	5
Testperiod will expire in 25 days.
*******************************************
 ELEM 14 14 15 Id1
 ELEM 15 15 16 Id1
 ELEM 16 16 17 Id1
 ELEM 17 17 18 Id1
 ELEM 18 18 19 Id1
 ELEM 19 19 20 Id1
 ELEM 20 20 21 Id1
 ELEM 21 21 22 Id1
 ELEM 22 22 23 Id1
 ELEM 23 23 27 Id1
 ELEM 24 27 31 Id1
 ELEM 25 31 34 Id1
 ELEM 26 34 36 Id1
 ELEM 27 36 39 Id1
 ELEM 28 39 41 Id1
 ELEM 29 41 43 Id1

idis = 16
GiD-BeamNr = 1, SAFIR-BeamNr = 1
GiD-BeamNr = 2, SAFIR-BeamNr = 2
GiD-BeamNr = 3, SAFIR-BeamNr = 3
GiD-BeamNr = 4, SAFIR-BeamNr = 4
GiD-BeamNr = 5, SAFIR-BeamNr = 5
GiD-BeamNr = 6, SAFIR-BeamNr = 6
GiD-BeamNr = 7, SAFIR-BeamNr = 7
GiD-BeamNr = 8, SAFIR-BeamNr = 8
GiD-BeamNr = 9, SAFIR-BeamNr = 9
GiD-BeamNr = 10, SAFIR-BeamNr = 10
GiD-BeamNr = 11, SAFIR-BeamNr = 11
GiD-BeamNr = 12, SAFIR-BeamNr = 12
GiD-BeamNr = 13, SAFIR-BeamNr = 13
GiD-BeamNr = 14, SAFIR-BeamNr = 14
GiD-BeamNr = 15, SAFIR-BeamNr = 15
GiD-BeamNr = 16, SAFIR-BeamNr = 16
GiD-BeamNr = 17, SAFIR-BeamNr = 17
GiD-BeamNr = 18, SAFIR-BeamNr = 18
GiD-BeamNr = 19, SAFIR-BeamNr = 19
GiD-BeamNr = 20, SAFIR-BeamNr = 20
GiD-BeamNr = 21, SAFIR-BeamNr = 21
GiD-BeamNr = 22, SAFIR-BeamNr = 22
GiD-BeamNr = 23, SAFIR-BeamNr = 23
GiD-BeamNr = 24, SAFIR-BeamNr = 24
GiD-BeamNr = 25, SAFIR-BeamNr = 25
GiD-BeamNr = 26, SAFIR-BeamNr = 26
GiD-BeamNr = 27, SAFIR-BeamNr = 27
GiD-BeamNr = 28, SAFIR-BeamNr = 28
GiD-BeamNr = 29, SAFIR-BeamNr = 29
GiD-BeamNr = 30, SAFIR-BeamNr = 30
GiD-BeamNr = 31, SAFIR-BeamNr = 31
GiD-BeamNr = 32, SAFIR-BeamNr = 32
GiD-BeamNr = 33, SAFIR-BeamNr = 33
GiD-BeamNr = 34, SAFIR-BeamNr = 34
GiD-BeamNr = 35, SAFIR-BeamNr = 35
GiD-BeamNr = 36, SAFIR-BeamNr = 36
GiD-BeamNr = 37, SAFIR-BeamNr = 37
GiD-BeamNr = 38, SAFIR-BeamNr = 38
GiD-BeamNr = 39, SAFIR-BeamNr = 39
GiD-BeamNr = 40, SAFIR-BeamNr = 40
GiD-BeamNr = 41, SAFIR-BeamNr = 41
GiD-BeamNr = 42, SAFIR-BeamNr = 42------- Input-File für SAFIR ---------- InputFile erzeugt mit GiD-SAFIR_2007 Interface
Safir_Static_2D_Analysis
Mesh_from_GID-Mesher

    NPTTOT     20000
     NNODE   86
      NDIM    2
 NDIMMATER    1 
   NDDLMAX    3
EVERY_NODE    3
      FROM     44   TO      44 STEP    1 NDDL    1
      FROM     45   TO      45 STEP    1 NDDL    1
      FROM     46   TO      46 STEP    1 NDDL    1
      FROM     47   TO      47 STEP    1 NDDL    1
      FROM     48   TO      48 STEP    1 NDDL    1
      FROM     49   TO      49 STEP    1 NDDL    1
      FROM     50   TO      50 STEP    1 NDDL    1
      FROM     51   TO      51 STEP    1 NDDL    1
      FROM     52   TO      52 STEP    1 NDDL    1
      FROM     53   TO      53 STEP    1 NDDL    1
      FROM     54   TO      54 STEP    1 NDDL    1
      FROM     55   TO      55 STEP    1 NDDL    1
      FROM     56   TO      56 STEP    1 NDDL    1
      FROM     57   TO      57 STEP    1 NDDL    1
      FROM     58   TO      58 STEP    1 NDDL    1
      FROM     59   TO      59 STEP    1 NDDL    1
      FROM     60   TO      60 STEP    1 NDDL    1
      FROM     61   TO      61 STEP    1 NDDL    1
      FROM     62   TO      62 STEP    1 NDDL    1
      FROM     63   TO      63 STEP    1 NDDL    1
      FROM     64   TO      64 STEP    1 NDDL    1
      FROM     65   TO      65 STEP    1 NDDL    1
      FROM     66   TO      66 STEP    1 NDDL    1
      FROM     67   TO      67 STEP    1 NDDL    1
      FROM     68   TO      68 STEP    1 NDDL    1
      FROM     69   TO      69 STEP    1 NDDL    1
      FROM     70   TO      70 STEP    1 NDDL    1
      FROM     71   TO      71 STEP    1 NDDL    1
      FROM     72   TO      72 STEP    1 NDDL    1
      FROM     73   TO      73 STEP    1 NDDL    1
      FROM     74   TO      74 STEP    1 NDDL    1
      FROM     75   TO      75 STEP    1 NDDL    1
      FROM     76   TO      76 STEP    1 NDDL    1
      FROM     77   TO      77 STEP    1 NDDL    1
      FROM     78   TO      78 STEP    1 NDDL    1
      FROM     79   TO      79 STEP    1 NDDL    1
      FROM     80   TO      80 STEP    1 NDDL    1
      FROM     81   TO      81 STEP    1 NDDL    1
      FROM     82   TO      82 STEP    1 NDDL    1
      FROM     83   TO      83 STEP    1 NDDL    1
      FROM     84   TO      84 STEP    1 NDDL    1
      FROM     85   TO      85 STEP    1 NDDL    1
      FROM     86   TO      86 STEP    1 NDDL    3
  END_NDDL
    STATIC   PURE_NR
     NLOAD    1
   OBLIQUE    0 
  COMEBACK  1.0
 LARGEUR11    120000
 LARGEUR12       500
 RENUMGEO 1
      NMAT    1
  ELEMENTS
      BEAM   42     2
        NG    3
    NFIBER  200
  END_ELEM
     NODES
      NODE   1    0.0000    0.0000
      NODE   2    0.0000    0.3077
      NODE   3    0.0000    0.6154
      NODE   4    0.0000    0.9231
      NODE   5    0.0000    1.2308
      NODE   6    0.0000    1.5385
      NODE   7    0.0000    1.8462
      NODE   8    0.0000    2.1538
      NODE   9    0.0000    2.4615
      NODE  10    0.0000    2.7692
      NODE  11    0.0000    3.0769
      NODE  12    0.0000    3.3846
      NODE  13    0.0000    3.6923
      NODE  14    0.0000    4.0000
      NODE  15    0.3125    4.0000
      NODE  16    0.6250    4.0000
      NODE  17    0.9375    4.0000
      NODE  18    1.2500    4.0000
      NODE  19    1.5625    4.0000
      NODE  20    1.8750    4.0000
      NODE  21    2.1875    4.0000
      NODE  22    2.5000    4.0000
      NODE  23    2.8125    4.0000
      NODE  24    5.0000    0.0000
      NODE  25    5.0000    0.3077
      NODE  26    5.0000    0.6154
      NODE  27    3.1250    4.0000
      NODE  28    5.0000    0.9231
      NODE  29    5.0000    1.2308
      NODE  30    5.0000    1.5385
      NODE  31    3.4375    4.0000
      NODE  32    5.0000    1.8462
      NODE  33    5.0000    2.1538
      NODE  34    3.7500    4.0000
      NODE  35    5.0000    2.4615
      NODE  36    4.0625    4.0000
      NODE  37    5.0000    2.7692
      NODE  38    5.0000    3.0769
      NODE  39    4.3750    4.0000
      NODE  40    5.0000    3.3846
      NODE  41    4.6875    4.0000
      NODE  42    5.0000    3.6923
      NODE  43    5.0000    4.0000
      NODE    44    0.0000    0.1538
      NODE    45    0.0000    0.4615
      NODE    46    0.0000    0.7692
      NODE    47    0.0000    1.0769
      NODE    48    0.0000    1.3846
      NODE    49    0.0000    1.6923
      NODE    50    0.0000    2.0000
      NODE    51    0.0000    2.3077
      NODE    52    0.0000    2.6154
      NODE    53    0.0000    2.9231
      NODE    54    0.0000    3.2308
      NODE    55    0.0000    3.5385
      NODE    56    0.0000    3.8462
      NODE    57    0.1562    4.0000
      NODE    58    0.4687    4.0000
      NODE    59    0.7812    4.0000
      NODE    60    1.0937    4.0000
      NODE    61    1.4062    4.0000
      NODE    62    1.7187    4.0000
      NODE    63    2.0312    4.0000
      NODE    64    2.3437    4.0000
      NODE    65    2.6562    4.0000
      NODE    66    2.9687    4.0000
      NODE    67    3.2812    4.0000
      NODE    68    3.5937    4.0000
      NODE    69    3.9062    4.0000
      NODE    70    4.2188    4.0000
      NODE    71    4.5313    4.0000
      NODE    72    4.8438    4.0000
      NODE    73    5.0000    3.8462
      NODE    74    5.0000    3.5385
      NODE    75    5.0000    3.2308
      NODE    76    5.0000    2.9231
      NODE    77    5.0000    2.6154
      NODE    78    5.0000    2.3077
      NODE    79    5.0000    2.0000
      NODE    80    5.0000    1.6923
      NODE    81    5.0000    1.3846
      NODE    82    5.0000    1.0769
      NODE    83    5.0000    0.7692
      NODE    84    5.0000    0.4615
      NODE    85    5.0000    0.1538
      NODE    86    0.0000    4.0000
 FIXATIONS
     BLOCK    1   F0   F0   F0
     BLOCK   24   F0   F0   NO
  SAME	86 14 YES YES NO
   END_FIX
 NODOFBEAM
HEB220B0.tem
 TRANSLATE    1    1
 END_TRANS
HEB220B1.tem
 TRANSLATE    1    1
 END_TRANS
      ELEM    1    1   44    2    1
      ELEM    2    2   45    3    1
      ELEM    3    3   46    4    1
      ELEM    4    4   47    5    1
      ELEM    5    5   48    6    1
      ELEM    6    6   49    7    1
      ELEM    7    7   50    8    1
      ELEM    8    8   51    9    1
      ELEM    9    9   52   10    1
      ELEM   10   10   53   11    1
      ELEM   11   11   54   12    1
      ELEM   12   12   55   13    1
      ELEM   13   13   56   14    1
      ELEM   14   86   57   15    2
      ELEM   15   15   58   16    2
      ELEM   16   16   59   17    2
      ELEM   17   17   60   18    2
      ELEM   18   18   61   19    2
      ELEM   19   19   62   20    2
      ELEM   20   20   63   21    2
      ELEM   21   21   64   22    2
      ELEM   22   22   65   23    2
      ELEM   23   23   66   27    2
      ELEM   24   27   67   31    2
      ELEM   25   31   68   34    2
      ELEM   26   34   69   36    2
      ELEM   27   36   70   39    2
      ELEM   28   39   71   41    2
      ELEM   29   41   72   43    2
      ELEM   30   43   73   42    1
      ELEM   31   42   74   40    1
      ELEM   32   40   75   38    1
      ELEM   33   38   76   37    1
      ELEM   34   37   77   35    1
      ELEM   35   35   78   33    1
      ELEM   36   33   79   32    1
      ELEM   37   32   80   30    1
      ELEM   38   30   81   29    1
      ELEM   39   29   82   28    1
      ELEM   40   28   83   26    1
      ELEM   41   26   84   25    1
      ELEM   42   25   85   24    1
PRECISION 1.0e-3
     LOADS
  FUNCTION        F1
 DISTRBEAM    14 0.000000 -10000.000000
 DISTRBEAM    15 0.000000 -10000.000000
 DISTRBEAM    16 0.000000 -10000.000000
 DISTRBEAM    17 0.000000 -10000.000000
 DISTRBEAM    18 0.000000 -10000.000000
 DISTRBEAM    19 0.000000 -10000.000000
 DISTRBEAM    20 0.000000 -10000.000000
 DISTRBEAM    21 0.000000 -10000.000000
 DISTRBEAM    22 0.000000 -10000.000000
 DISTRBEAM    23 0.000000 -10000.000000
 DISTRBEAM    24 0.000000 -10000.000000
 DISTRBEAM    25 0.000000 -10000.000000
 DISTRBEAM    26 0.000000 -10000.000000
 DISTRBEAM    27 0.000000 -10000.000000
 DISTRBEAM    28 0.000000 -10000.000000
 DISTRBEAM    29 0.000000 -10000.000000
  END_LOAD
 MATERIALS
STEELEC3
           2.10e+11   3.00e-01   2.45e+08
      TIME
      12.0     2400.0
  END_TIME
LARGEDISPL
     EPSTH
IMPRESSION
 TIMEPRINT
      60.0     2400.0
END_TIMEPR
PRINTREACT
   PRINTMN

Safir gestartet, IN-file frameHinge Safir finished  TIME ;   2400.00 ; LOAD ;-0.33335E+04
  In CALCUL
 in DONNEEE
 out DONNEEE
 TIME ;   2400.00 ; LOAD ;-0.33335E+04
  out CALCUL
  In CALCUL
 in DONNEEE
 out DONNEEE
 TIME ;   2400.00 ; LOAD ;-0.33335E+04
  out CALCUL
  In CALCUL
 in DONNEEE
 out DONNEEE
 TIME ;   2400.00 ; LOAD ;-0.33335E+04
  out CALCUL
